{"/Users/AXDUONG/code/oop/codingChallenges.js": {"path":"/Users/AXDUONG/code/oop/codingChallenges.js","statementMap":{"0":{"start":{"line":1,"column":0},"end":{"line":1,"column":20}},"1":{"start":{"line":7,"column":17},"end":{"line":7,"column":34}},"2":{"start":{"line":8,"column":17},"end":{"line":8,"column":34}},"3":{"start":{"line":9,"column":27},"end":{"line":9,"column":47}},"4":{"start":{"line":11,"column":4},"end":{"line":11,"column":29}},"5":{"start":{"line":14,"column":0},"end":{"line":14,"column":38}},"6":{"start":{"line":15,"column":0},"end":{"line":15,"column":39}},"7":{"start":{"line":17,"column":14},"end":{"line":17,"column":34}},"8":{"start":{"line":19,"column":10},"end":{"line":19,"column":39}},"9":{"start":{"line":20,"column":13},"end":{"line":20,"column":26}},"10":{"start":{"line":21,"column":11},"end":{"line":21,"column":37}},"11":{"start":{"line":23,"column":0},"end":{"line":23,"column":20}},"12":{"start":{"line":24,"column":0},"end":{"line":24,"column":28}},"13":{"start":{"line":25,"column":0},"end":{"line":25,"column":26}},"14":{"start":{"line":27,"column":0},"end":{"line":27,"column":38}}},"fnMap":{"0":{"name":"findsHighestDigit","decl":{"start":{"line":6,"column":9},"end":{"line":6,"column":26}},"loc":{"start":{"line":6,"column":35},"end":{"line":12,"column":1}},"line":6}},"branchMap":{},"s":{"0":1,"1":3,"2":3,"3":3,"4":3,"5":1,"6":1,"7":1,"8":1,"9":1,"10":1,"11":1,"12":1,"13":1,"14":1},"f":{"0":3},"b":{},"_coverageSchema":"1a1c01bbd47fc00a2c39e90264f33305004495a9","hash":"52b93d00fecb7e2e3e32530e52a5facd51e24611"}
}
