{"/Users/AXDUONG/code/oop/codingChallenges.js": {"path":"/Users/AXDUONG/code/oop/codingChallenges.js","statementMap":{"0":{"start":{"line":3,"column":13},"end":{"line":3,"column":25}},"1":{"start":{"line":4,"column":0},"end":{"line":4,"column":20}},"2":{"start":{"line":10,"column":17},"end":{"line":10,"column":34}},"3":{"start":{"line":11,"column":17},"end":{"line":11,"column":34}},"4":{"start":{"line":12,"column":27},"end":{"line":12,"column":47}},"5":{"start":{"line":14,"column":4},"end":{"line":14,"column":29}},"6":{"start":{"line":17,"column":0},"end":{"line":17,"column":38}},"7":{"start":{"line":18,"column":0},"end":{"line":18,"column":39}},"8":{"start":{"line":20,"column":14},"end":{"line":20,"column":34}},"9":{"start":{"line":22,"column":10},"end":{"line":22,"column":39}},"10":{"start":{"line":23,"column":13},"end":{"line":23,"column":26}},"11":{"start":{"line":24,"column":11},"end":{"line":24,"column":37}},"12":{"start":{"line":26,"column":0},"end":{"line":26,"column":20}},"13":{"start":{"line":27,"column":0},"end":{"line":27,"column":28}},"14":{"start":{"line":28,"column":0},"end":{"line":28,"column":26}},"15":{"start":{"line":33,"column":14},"end":{"line":33,"column":16}},"16":{"start":{"line":35,"column":1},"end":{"line":37,"column":2}},"17":{"start":{"line":35,"column":13},"end":{"line":35,"column":14}},"18":{"start":{"line":36,"column":2},"end":{"line":36,"column":21}},"19":{"start":{"line":38,"column":1},"end":{"line":40,"column":3}},"20":{"start":{"line":39,"column":2},"end":{"line":39,"column":26}},"21":{"start":{"line":43,"column":0},"end":{"line":43,"column":61}},"22":{"start":{"line":49,"column":15},"end":{"line":49,"column":16}},"23":{"start":{"line":51,"column":15},"end":{"line":51,"column":33}},"24":{"start":{"line":53,"column":11},"end":{"line":53,"column":91}},"25":{"start":{"line":53,"column":57},"end":{"line":53,"column":83}},"26":{"start":{"line":55,"column":1},"end":{"line":55,"column":29}},"27":{"start":{"line":62,"column":15},"end":{"line":62,"column":17}},"28":{"start":{"line":64,"column":1},"end":{"line":67,"column":2}},"29":{"start":{"line":64,"column":14},"end":{"line":64,"column":15}},"30":{"start":{"line":65,"column":14},"end":{"line":65,"column":34}},"31":{"start":{"line":66,"column":2},"end":{"line":66,"column":21}},"32":{"start":{"line":68,"column":15},"end":{"line":68,"column":61}},"33":{"start":{"line":68,"column":46},"end":{"line":68,"column":57}},"34":{"start":{"line":69,"column":1},"end":{"line":69,"column":13}},"35":{"start":{"line":75,"column":26},"end":{"line":75,"column":44}},"36":{"start":{"line":77,"column":1},"end":{"line":77,"column":35}},"37":{"start":{"line":86,"column":1},"end":{"line":94,"column":2}},"38":{"start":{"line":86,"column":15},"end":{"line":86,"column":16}},"39":{"start":{"line":87,"column":21},"end":{"line":87,"column":29}},"40":{"start":{"line":88,"column":2},"end":{"line":93,"column":3}},"41":{"start":{"line":88,"column":15},"end":{"line":88,"column":20}},"42":{"start":{"line":89,"column":23},"end":{"line":89,"column":31}},"43":{"start":{"line":90,"column":4},"end":{"line":92,"column":5}},"44":{"start":{"line":91,"column":6},"end":{"line":91,"column":39}},"45":{"start":{"line":102,"column":16},"end":{"line":102,"column":50}},"46":{"start":{"line":102,"column":38},"end":{"line":102,"column":48}},"47":{"start":{"line":105,"column":19},"end":{"line":105,"column":20}},"48":{"start":{"line":106,"column":20},"end":{"line":106,"column":37}},"49":{"start":{"line":107,"column":17},"end":{"line":107,"column":19}},"50":{"start":{"line":114,"column":2},"end":{"line":124,"column":3}},"51":{"start":{"line":115,"column":3},"end":{"line":115,"column":55}},"52":{"start":{"line":116,"column":4},"end":{"line":123,"column":5}},"53":{"start":{"line":117,"column":5},"end":{"line":117,"column":60}},"54":{"start":{"line":118,"column":5},"end":{"line":118,"column":11}},"55":{"start":{"line":119,"column":11},"end":{"line":123,"column":5}},"56":{"start":{"line":120,"column":5},"end":{"line":120,"column":18}},"57":{"start":{"line":121,"column":11},"end":{"line":123,"column":5}},"58":{"start":{"line":122,"column":5},"end":{"line":122,"column":19}},"59":{"start":{"line":125,"column":2},"end":{"line":125,"column":18}},"60":{"start":{"line":132,"column":13},"end":{"line":132,"column":15}},"61":{"start":{"line":134,"column":12},"end":{"line":134,"column":13}},"62":{"start":{"line":137,"column":17},"end":{"line":137,"column":30}},"63":{"start":{"line":140,"column":1},"end":{"line":142,"column":2}},"64":{"start":{"line":140,"column":13},"end":{"line":140,"column":14}},"65":{"start":{"line":141,"column":2},"end":{"line":141,"column":24}},"66":{"start":{"line":145,"column":1},"end":{"line":145,"column":53}},"67":{"start":{"line":145,"column":36},"end":{"line":145,"column":45}},"68":{"start":{"line":152,"column":14},"end":{"line":152,"column":15}},"69":{"start":{"line":153,"column":14},"end":{"line":153,"column":15}},"70":{"start":{"line":154,"column":19},"end":{"line":154,"column":21}},"71":{"start":{"line":158,"column":1},"end":{"line":162,"column":2}},"72":{"start":{"line":158,"column":13},"end":{"line":158,"column":14}},"73":{"start":{"line":158,"column":20},"end":{"line":158,"column":21}},"74":{"start":{"line":159,"column":2},"end":{"line":159,"column":23}},"75":{"start":{"line":160,"column":2},"end":{"line":160,"column":23}},"76":{"start":{"line":161,"column":2},"end":{"line":161,"column":32}},"77":{"start":{"line":165,"column":1},"end":{"line":165,"column":19}},"78":{"start":{"line":171,"column":16},"end":{"line":171,"column":26}},"79":{"start":{"line":172,"column":16},"end":{"line":172,"column":17}},"80":{"start":{"line":173,"column":12},"end":{"line":173,"column":13}},"81":{"start":{"line":174,"column":16},"end":{"line":174,"column":17}},"82":{"start":{"line":176,"column":21},"end":{"line":176,"column":25}},"83":{"start":{"line":178,"column":1},"end":{"line":189,"column":3}},"84":{"start":{"line":178,"column":13},"end":{"line":178,"column":14}},"85":{"start":{"line":179,"column":2},"end":{"line":185,"column":3}},"86":{"start":{"line":180,"column":3},"end":{"line":180,"column":13}},"87":{"start":{"line":181,"column":9},"end":{"line":185,"column":3}},"88":{"start":{"line":182,"column":3},"end":{"line":182,"column":9}},"89":{"start":{"line":183,"column":9},"end":{"line":185,"column":3}},"90":{"start":{"line":184,"column":3},"end":{"line":184,"column":13}},"91":{"start":{"line":186,"column":2},"end":{"line":186,"column":41}},"92":{"start":{"line":187,"column":2},"end":{"line":187,"column":48}},"93":{"start":{"line":187,"column":35},"end":{"line":187,"column":47}},"94":{"start":{"line":188,"column":2},"end":{"line":188,"column":59}},"95":{"start":{"line":188,"column":38},"end":{"line":188,"column":58}},"96":{"start":{"line":190,"column":2},"end":{"line":190,"column":22}}},"fnMap":{"0":{"name":"findsHighestDigit","decl":{"start":{"line":9,"column":16},"end":{"line":9,"column":33}},"loc":{"start":{"line":9,"column":42},"end":{"line":15,"column":1}},"line":9},"1":{"name":"sortArrayByLength","decl":{"start":{"line":32,"column":16},"end":{"line":32,"column":33}},"loc":{"start":{"line":32,"column":39},"end":{"line":41,"column":1}},"line":32},"2":{"name":"(anonymous_2)","decl":{"start":{"line":38,"column":20},"end":{"line":38,"column":21}},"loc":{"start":{"line":38,"column":30},"end":{"line":40,"column":2}},"line":38},"3":{"name":"calculateDifference","decl":{"start":{"line":47,"column":16},"end":{"line":47,"column":35}},"loc":{"start":{"line":47,"column":48},"end":{"line":57,"column":1}},"line":47},"4":{"name":"(anonymous_4)","decl":{"start":{"line":53,"column":26},"end":{"line":53,"column":27}},"loc":{"start":{"line":53,"column":57},"end":{"line":53,"column":83}},"line":53},"5":{"name":"sumOfCubes","decl":{"start":{"line":61,"column":16},"end":{"line":61,"column":26}},"loc":{"start":{"line":61,"column":33},"end":{"line":70,"column":1}},"line":61},"6":{"name":"(anonymous_6)","decl":{"start":{"line":68,"column":30},"end":{"line":68,"column":31}},"loc":{"start":{"line":68,"column":46},"end":{"line":68,"column":57}},"line":68},"7":{"name":"yummyPi","decl":{"start":{"line":74,"column":16},"end":{"line":74,"column":23}},"loc":{"start":{"line":74,"column":27},"end":{"line":78,"column":1}},"line":74},"8":{"name":"twoSum","decl":{"start":{"line":85,"column":16},"end":{"line":85,"column":22}},"loc":{"start":{"line":85,"column":41},"end":{"line":95,"column":1}},"line":85},"9":{"name":"twoNumberSumOptimized","decl":{"start":{"line":100,"column":16},"end":{"line":100,"column":37}},"loc":{"start":{"line":100,"column":56},"end":{"line":126,"column":2}},"line":100},"10":{"name":"(anonymous_10)","decl":{"start":{"line":102,"column":27},"end":{"line":102,"column":28}},"loc":{"start":{"line":102,"column":37},"end":{"line":102,"column":49}},"line":102},"11":{"name":"countBits","decl":{"start":{"line":129,"column":16},"end":{"line":129,"column":25}},"loc":{"start":{"line":129,"column":29},"end":{"line":146,"column":1}},"line":129},"12":{"name":"(anonymous_12)","decl":{"start":{"line":145,"column":31},"end":{"line":145,"column":32}},"loc":{"start":{"line":145,"column":36},"end":{"line":145,"column":45}},"line":145},"13":{"name":"compareTriplets","decl":{"start":{"line":150,"column":16},"end":{"line":150,"column":31}},"loc":{"start":{"line":150,"column":38},"end":{"line":166,"column":4}},"line":150},"14":{"name":"plusMinus","decl":{"start":{"line":168,"column":16},"end":{"line":168,"column":25}},"loc":{"start":{"line":168,"column":31},"end":{"line":194,"column":1}},"line":168},"15":{"name":"(anonymous_15)","decl":{"start":{"line":187,"column":30},"end":{"line":187,"column":31}},"loc":{"start":{"line":187,"column":35},"end":{"line":187,"column":47}},"line":187},"16":{"name":"(anonymous_16)","decl":{"start":{"line":188,"column":33},"end":{"line":188,"column":34}},"loc":{"start":{"line":188,"column":38},"end":{"line":188,"column":58}},"line":188}},"branchMap":{"0":{"loc":{"start":{"line":3,"column":13},"end":{"line":3,"column":25}},"type":"binary-expr","locations":[{"start":{"line":3,"column":13},"end":{"line":3,"column":19}},{"start":{"line":3,"column":23},"end":{"line":3,"column":25}}],"line":3},"1":{"loc":{"start":{"line":90,"column":4},"end":{"line":92,"column":5}},"type":"if","locations":[{"start":{"line":90,"column":4},"end":{"line":92,"column":5}},{"start":{},"end":{}}],"line":90},"2":{"loc":{"start":{"line":116,"column":4},"end":{"line":123,"column":5}},"type":"if","locations":[{"start":{"line":116,"column":4},"end":{"line":123,"column":5}},{"start":{"line":119,"column":11},"end":{"line":123,"column":5}}],"line":116},"3":{"loc":{"start":{"line":119,"column":11},"end":{"line":123,"column":5}},"type":"if","locations":[{"start":{"line":119,"column":11},"end":{"line":123,"column":5}},{"start":{"line":121,"column":11},"end":{"line":123,"column":5}}],"line":119},"4":{"loc":{"start":{"line":121,"column":11},"end":{"line":123,"column":5}},"type":"if","locations":[{"start":{"line":121,"column":11},"end":{"line":123,"column":5}},{"start":{},"end":{}}],"line":121},"5":{"loc":{"start":{"line":179,"column":2},"end":{"line":185,"column":3}},"type":"if","locations":[{"start":{"line":179,"column":2},"end":{"line":185,"column":3}},{"start":{"line":181,"column":9},"end":{"line":185,"column":3}}],"line":179},"6":{"loc":{"start":{"line":181,"column":9},"end":{"line":185,"column":3}},"type":"if","locations":[{"start":{"line":181,"column":9},"end":{"line":185,"column":3}},{"start":{"line":183,"column":9},"end":{"line":185,"column":3}}],"line":181},"7":{"loc":{"start":{"line":183,"column":9},"end":{"line":185,"column":3}},"type":"if","locations":[{"start":{"line":183,"column":9},"end":{"line":185,"column":3}},{"start":{},"end":{}}],"line":183}},"s":{"0":1,"1":1,"2":3,"3":3,"4":3,"5":3,"6":1,"7":1,"8":1,"9":1,"10":1,"11":1,"12":1,"13":1,"14":1,"15":2,"16":2,"17":2,"18":11,"19":2,"20":19,"21":1,"22":2,"23":2,"24":2,"25":3,"26":2,"27":1,"28":1,"29":1,"30":3,"31":3,"32":1,"33":3,"34":1,"35":4,"36":4,"37":4,"38":4,"39":10,"40":10,"41":10,"42":43,"43":43,"44":4,"45":3,"46":23,"47":3,"48":3,"49":3,"50":3,"51":6,"52":6,"53":3,"54":3,"55":3,"56":1,"57":2,"58":2,"59":3,"60":1,"61":1,"62":1,"63":1,"64":1,"65":3,"66":1,"67":3,"68":1,"69":1,"70":1,"71":1,"72":1,"73":1,"74":3,"75":3,"76":3,"77":1,"78":1,"79":1,"80":1,"81":1,"82":1,"83":1,"84":1,"85":6,"86":3,"87":3,"88":1,"89":2,"90":2,"91":6,"92":6,"93":18,"94":6,"95":18,"96":1},"f":{"0":3,"1":2,"2":19,"3":2,"4":3,"5":1,"6":3,"7":4,"8":4,"9":3,"10":23,"11":1,"12":3,"13":1,"14":1,"15":18,"16":18},"b":{"0":[1,1],"1":[4,39],"2":[3,3],"3":[1,2],"4":[2,0],"5":[3,3],"6":[1,2],"7":[2,0]},"_coverageSchema":"1a1c01bbd47fc00a2c39e90264f33305004495a9","hash":"f479996f8b8328758dbcf6baf4ef4869d1d3d896"}
}
