TN:
SF:codingChallenges.js
FN:9,findsHighestDigit
FN:32,sortArrayByLength
FN:38,(anonymous_2)
FN:47,calculateDifference
FN:53,(anonymous_4)
FN:61,sumOfCubes
FN:68,(anonymous_6)
FN:74,yummyPi
FN:85,twoSum
FN:100,twoNumberSumOptimized
FN:102,(anonymous_10)
FN:129,countBits
FN:145,(anonymous_12)
FN:150,compareTriplets
FN:168,plusMinus
FN:187,(anonymous_15)
FN:188,(anonymous_16)
FNF:17
FNH:17
FNDA:3,findsHighestDigit
FNDA:2,sortArrayByLength
FNDA:19,(anonymous_2)
FNDA:2,calculateDifference
FNDA:3,(anonymous_4)
FNDA:1,sumOfCubes
FNDA:3,(anonymous_6)
FNDA:4,yummyPi
FNDA:4,twoSum
FNDA:3,twoNumberSumOptimized
FNDA:23,(anonymous_10)
FNDA:1,countBits
FNDA:3,(anonymous_12)
FNDA:1,compareTriplets
FNDA:1,plusMinus
FNDA:18,(anonymous_15)
FNDA:18,(anonymous_16)
DA:3,1
DA:4,1
DA:10,3
DA:11,3
DA:12,3
DA:14,3
DA:17,1
DA:18,1
DA:20,1
DA:22,1
DA:23,1
DA:24,1
DA:26,1
DA:27,1
DA:28,1
DA:33,2
DA:35,2
DA:36,11
DA:38,2
DA:39,19
DA:43,1
DA:49,2
DA:51,2
DA:53,3
DA:55,2
DA:62,1
DA:64,1
DA:65,3
DA:66,3
DA:68,3
DA:69,1
DA:75,4
DA:77,4
DA:86,4
DA:87,10
DA:88,10
DA:89,43
DA:90,43
DA:91,4
DA:102,23
DA:105,3
DA:106,3
DA:107,3
DA:114,3
DA:115,6
DA:116,6
DA:117,3
DA:118,3
DA:119,3
DA:120,1
DA:121,2
DA:122,2
DA:125,3
DA:132,1
DA:134,1
DA:137,1
DA:140,1
DA:141,3
DA:145,3
DA:152,1
DA:153,1
DA:154,1
DA:158,1
DA:159,3
DA:160,3
DA:161,3
DA:165,1
DA:171,1
DA:172,1
DA:173,1
DA:174,1
DA:176,1
DA:178,1
DA:179,6
DA:180,3
DA:181,3
DA:182,1
DA:183,2
DA:184,2
DA:186,6
DA:187,18
DA:188,18
DA:190,1
LF:83
LH:83
BRDA:3,0,0,1
BRDA:3,0,1,1
BRDA:90,1,0,4
BRDA:90,1,1,39
BRDA:116,2,0,3
BRDA:116,2,1,3
BRDA:119,3,0,1
BRDA:119,3,1,2
BRDA:121,4,0,2
BRDA:121,4,1,0
BRDA:179,5,0,3
BRDA:179,5,1,3
BRDA:181,6,0,1
BRDA:181,6,1,2
BRDA:183,7,0,2
BRDA:183,7,1,0
BRF:16
BRH:14
end_of_record
